<?xml version="1.0" encoding="UTF-8"?>
<!-- Generated by org.testng.reporters.JUnitXMLReporter -->
<testsuite ignored="0" hostname="ROOPA" failures="0" tests="3" name="Default test" time="0.073" errors="0" timestamp="2022-06-26T09:51:06 GMT-04:00">
  <testcase classname="com.vtiger.login.file" name="test2" time="0.009"/>
  <testcase classname="com.vtiger.login.file" name="test1" time="0.001"/>
  <testcase classname="com.vtiger.login.file" name="test3" time="0.001"/>
</testsuite> <!-- Default test -->
