<?xml version="1.0" encoding="UTF-8"?>
<testng-results ignored="0" total="3" passed="3" failed="0" skipped="0">
  <reporter-output>
  </reporter-output>
  <suite started-at="2022-06-26T09:51:06 GMT-04:00" name="Default suite" finished-at="2022-06-26T09:51:06 GMT-04:00" duration-ms="73">
    <groups>
    </groups>
    <test started-at="2022-06-26T09:51:06 GMT-04:00" name="Default test" finished-at="2022-06-26T09:51:06 GMT-04:00" duration-ms="73">
      <class name="com.vtiger.login.file">
        <test-method signature="test2()[pri:0, instance:com.vtiger.login.file@ea6147e]" started-at="2022-06-26T09:51:06 GMT-04:00" name="test2" finished-at="2022-06-26T09:51:06 GMT-04:00" duration-ms="9" status="PASS">
          <reporter-output>
          </reporter-output>
        </test-method> <!-- test2 -->
        <test-method signature="test1()[pri:1, instance:com.vtiger.login.file@ea6147e]" started-at="2022-06-26T09:51:06 GMT-04:00" name="test1" finished-at="2022-06-26T09:51:06 GMT-04:00" duration-ms="1" status="PASS">
          <reporter-output>
          </reporter-output>
        </test-method> <!-- test1 -->
        <test-method signature="test3()[pri:2, instance:com.vtiger.login.file@ea6147e]" started-at="2022-06-26T09:51:06 GMT-04:00" name="test3" finished-at="2022-06-26T09:51:06 GMT-04:00" duration-ms="1" status="PASS">
          <reporter-output>
          </reporter-output>
        </test-method> <!-- test3 -->
      </class> <!-- com.vtiger.login.file -->
    </test> <!-- Default test -->
  </suite> <!-- Default suite -->
</testng-results>
